Performing C SOURCE FILE Test CMAKE_HAVE_LIBC_PTHREAD failed with the following output:
Change Dir: /home/jbb2002/gr-hwu/build/CMakeFiles/CMakeTmp

Run Build Command(s):/usr/bin/make cmTC_d10a9/fast && /usr/bin/make -f CMakeFiles/cmTC_d10a9.dir/build.make CMakeFiles/cmTC_d10a9.dir/build
make[1]: Entering directory '/home/jbb2002/gr-hwu/build/CMakeFiles/CMakeTmp'
Building C object CMakeFiles/cmTC_d10a9.dir/src.c.o
/usr/bin/cc   -DCMAKE_HAVE_LIBC_PTHREAD   -o CMakeFiles/cmTC_d10a9.dir/src.c.o   -c /home/jbb2002/gr-hwu/build/CMakeFiles/CMakeTmp/src.c
Linking C executable cmTC_d10a9
/usr/bin/cmake -E cmake_link_script CMakeFiles/cmTC_d10a9.dir/link.txt --verbose=1
/usr/bin/cc  -DCMAKE_HAVE_LIBC_PTHREAD    CMakeFiles/cmTC_d10a9.dir/src.c.o  -o cmTC_d10a9 
/usr/bin/ld: CMakeFiles/cmTC_d10a9.dir/src.c.o: in function `main':
src.c:(.text+0x46): undefined reference to `pthread_create'
/usr/bin/ld: src.c:(.text+0x52): undefined reference to `pthread_detach'
/usr/bin/ld: src.c:(.text+0x63): undefined reference to `pthread_join'
collect2: error: ld returned 1 exit status
make[1]: *** [CMakeFiles/cmTC_d10a9.dir/build.make:87: cmTC_d10a9] Error 1
make[1]: Leaving directory '/home/jbb2002/gr-hwu/build/CMakeFiles/CMakeTmp'
make: *** [Makefile:121: cmTC_d10a9/fast] Error 2


Source file was:
#include <pthread.h>

void* test_func(void* data)
{
  return data;
}

int main(void)
{
  pthread_t thread;
  pthread_create(&thread, NULL, test_func, NULL);
  pthread_detach(thread);
  pthread_join(thread, NULL);
  pthread_atfork(NULL, NULL, NULL);
  pthread_exit(NULL);

  return 0;
}

Determining if the function pthread_create exists in the pthreads failed with the following output:
Change Dir: /home/jbb2002/gr-hwu/build/CMakeFiles/CMakeTmp

Run Build Command(s):/usr/bin/make cmTC_68135/fast && /usr/bin/make -f CMakeFiles/cmTC_68135.dir/build.make CMakeFiles/cmTC_68135.dir/build
make[1]: Entering directory '/home/jbb2002/gr-hwu/build/CMakeFiles/CMakeTmp'
Building C object CMakeFiles/cmTC_68135.dir/CheckFunctionExists.c.o
/usr/bin/cc   -DCHECK_FUNCTION_EXISTS=pthread_create   -o CMakeFiles/cmTC_68135.dir/CheckFunctionExists.c.o   -c /usr/share/cmake-3.16/Modules/CheckFunctionExists.c
Linking C executable cmTC_68135
/usr/bin/cmake -E cmake_link_script CMakeFiles/cmTC_68135.dir/link.txt --verbose=1
/usr/bin/cc  -DCHECK_FUNCTION_EXISTS=pthread_create    CMakeFiles/cmTC_68135.dir/CheckFunctionExists.c.o  -o cmTC_68135  -lpthreads 
/usr/bin/ld: cannot find -lpthreads
collect2: error: ld returned 1 exit status
make[1]: *** [CMakeFiles/cmTC_68135.dir/build.make:87: cmTC_68135] Error 1
make[1]: Leaving directory '/home/jbb2002/gr-hwu/build/CMakeFiles/CMakeTmp'
make: *** [Makefile:121: cmTC_68135/fast] Error 2



Performing C SOURCE FILE Test CMAKE_HAVE_LIBC_PTHREAD failed with the following output:
Change Dir: /home/jbb2002/gr-hwu/build/CMakeFiles/CMakeTmp

Run Build Command(s):/usr/bin/make cmTC_78dc1/fast && /usr/bin/make -f CMakeFiles/cmTC_78dc1.dir/build.make CMakeFiles/cmTC_78dc1.dir/build
make[1]: Entering directory '/home/jbb2002/gr-hwu/build/CMakeFiles/CMakeTmp'
Building C object CMakeFiles/cmTC_78dc1.dir/src.c.o
/usr/bin/cc   -DCMAKE_HAVE_LIBC_PTHREAD   -o CMakeFiles/cmTC_78dc1.dir/src.c.o   -c /home/jbb2002/gr-hwu/build/CMakeFiles/CMakeTmp/src.c
Linking C executable cmTC_78dc1
/usr/bin/cmake -E cmake_link_script CMakeFiles/cmTC_78dc1.dir/link.txt --verbose=1
/usr/bin/cc  -DCMAKE_HAVE_LIBC_PTHREAD    CMakeFiles/cmTC_78dc1.dir/src.c.o  -o cmTC_78dc1 
/usr/bin/ld: CMakeFiles/cmTC_78dc1.dir/src.c.o: in function `main':
src.c:(.text+0x46): undefined reference to `pthread_create'
/usr/bin/ld: src.c:(.text+0x52): undefined reference to `pthread_detach'
/usr/bin/ld: src.c:(.text+0x63): undefined reference to `pthread_join'
collect2: error: ld returned 1 exit status
make[1]: *** [CMakeFiles/cmTC_78dc1.dir/build.make:87: cmTC_78dc1] Error 1
make[1]: Leaving directory '/home/jbb2002/gr-hwu/build/CMakeFiles/CMakeTmp'
make: *** [Makefile:121: cmTC_78dc1/fast] Error 2


Source file was:
#include <pthread.h>

void* test_func(void* data)
{
  return data;
}

int main(void)
{
  pthread_t thread;
  pthread_create(&thread, NULL, test_func, NULL);
  pthread_detach(thread);
  pthread_join(thread, NULL);
  pthread_atfork(NULL, NULL, NULL);
  pthread_exit(NULL);

  return 0;
}

Determining if the function pthread_create exists in the pthreads failed with the following output:
Change Dir: /home/jbb2002/gr-hwu/build/CMakeFiles/CMakeTmp

Run Build Command(s):/usr/bin/make cmTC_4a36f/fast && /usr/bin/make -f CMakeFiles/cmTC_4a36f.dir/build.make CMakeFiles/cmTC_4a36f.dir/build
make[1]: Entering directory '/home/jbb2002/gr-hwu/build/CMakeFiles/CMakeTmp'
Building C object CMakeFiles/cmTC_4a36f.dir/CheckFunctionExists.c.o
/usr/bin/cc   -DCHECK_FUNCTION_EXISTS=pthread_create   -o CMakeFiles/cmTC_4a36f.dir/CheckFunctionExists.c.o   -c /usr/share/cmake-3.16/Modules/CheckFunctionExists.c
Linking C executable cmTC_4a36f
/usr/bin/cmake -E cmake_link_script CMakeFiles/cmTC_4a36f.dir/link.txt --verbose=1
/usr/bin/cc  -DCHECK_FUNCTION_EXISTS=pthread_create    CMakeFiles/cmTC_4a36f.dir/CheckFunctionExists.c.o  -o cmTC_4a36f  -lpthreads 
/usr/bin/ld: cannot find -lpthreads
collect2: error: ld returned 1 exit status
make[1]: *** [CMakeFiles/cmTC_4a36f.dir/build.make:87: cmTC_4a36f] Error 1
make[1]: Leaving directory '/home/jbb2002/gr-hwu/build/CMakeFiles/CMakeTmp'
make: *** [Makefile:121: cmTC_4a36f/fast] Error 2



Performing C SOURCE FILE Test CMAKE_HAVE_LIBC_PTHREAD failed with the following output:
Change Dir: /home/jbb2002/gr-hwu/build/CMakeFiles/CMakeTmp

Run Build Command(s):/usr/bin/make cmTC_476d6/fast && /usr/bin/make -f CMakeFiles/cmTC_476d6.dir/build.make CMakeFiles/cmTC_476d6.dir/build
make[1]: Entering directory '/home/jbb2002/gr-hwu/build/CMakeFiles/CMakeTmp'
Building C object CMakeFiles/cmTC_476d6.dir/src.c.o
/usr/bin/cc   -DCMAKE_HAVE_LIBC_PTHREAD   -o CMakeFiles/cmTC_476d6.dir/src.c.o   -c /home/jbb2002/gr-hwu/build/CMakeFiles/CMakeTmp/src.c
Linking C executable cmTC_476d6
/usr/bin/cmake -E cmake_link_script CMakeFiles/cmTC_476d6.dir/link.txt --verbose=1
/usr/bin/cc  -DCMAKE_HAVE_LIBC_PTHREAD    CMakeFiles/cmTC_476d6.dir/src.c.o  -o cmTC_476d6 
/usr/bin/ld: CMakeFiles/cmTC_476d6.dir/src.c.o: in function `main':
src.c:(.text+0x46): undefined reference to `pthread_create'
/usr/bin/ld: src.c:(.text+0x52): undefined reference to `pthread_detach'
/usr/bin/ld: src.c:(.text+0x63): undefined reference to `pthread_join'
collect2: error: ld returned 1 exit status
make[1]: *** [CMakeFiles/cmTC_476d6.dir/build.make:87: cmTC_476d6] Error 1
make[1]: Leaving directory '/home/jbb2002/gr-hwu/build/CMakeFiles/CMakeTmp'
make: *** [Makefile:121: cmTC_476d6/fast] Error 2


Source file was:
#include <pthread.h>

void* test_func(void* data)
{
  return data;
}

int main(void)
{
  pthread_t thread;
  pthread_create(&thread, NULL, test_func, NULL);
  pthread_detach(thread);
  pthread_join(thread, NULL);
  pthread_atfork(NULL, NULL, NULL);
  pthread_exit(NULL);

  return 0;
}

Determining if the function pthread_create exists in the pthreads failed with the following output:
Change Dir: /home/jbb2002/gr-hwu/build/CMakeFiles/CMakeTmp

Run Build Command(s):/usr/bin/make cmTC_2b95d/fast && /usr/bin/make -f CMakeFiles/cmTC_2b95d.dir/build.make CMakeFiles/cmTC_2b95d.dir/build
make[1]: Entering directory '/home/jbb2002/gr-hwu/build/CMakeFiles/CMakeTmp'
Building C object CMakeFiles/cmTC_2b95d.dir/CheckFunctionExists.c.o
/usr/bin/cc   -DCHECK_FUNCTION_EXISTS=pthread_create   -o CMakeFiles/cmTC_2b95d.dir/CheckFunctionExists.c.o   -c /usr/share/cmake-3.16/Modules/CheckFunctionExists.c
Linking C executable cmTC_2b95d
/usr/bin/cmake -E cmake_link_script CMakeFiles/cmTC_2b95d.dir/link.txt --verbose=1
/usr/bin/cc  -DCHECK_FUNCTION_EXISTS=pthread_create    CMakeFiles/cmTC_2b95d.dir/CheckFunctionExists.c.o  -o cmTC_2b95d  -lpthreads 
/usr/bin/ld: cannot find -lpthreads
collect2: error: ld returned 1 exit status
make[1]: *** [CMakeFiles/cmTC_2b95d.dir/build.make:87: cmTC_2b95d] Error 1
make[1]: Leaving directory '/home/jbb2002/gr-hwu/build/CMakeFiles/CMakeTmp'
make: *** [Makefile:121: cmTC_2b95d/fast] Error 2



Performing C SOURCE FILE Test CMAKE_HAVE_LIBC_PTHREAD failed with the following output:
Change Dir: /home/jbb2002/gr-hwu/build/CMakeFiles/CMakeTmp

Run Build Command(s):/usr/bin/make cmTC_12d01/fast && /usr/bin/make -f CMakeFiles/cmTC_12d01.dir/build.make CMakeFiles/cmTC_12d01.dir/build
make[1]: Entering directory '/home/jbb2002/gr-hwu/build/CMakeFiles/CMakeTmp'
Building C object CMakeFiles/cmTC_12d01.dir/src.c.o
/usr/bin/cc   -DCMAKE_HAVE_LIBC_PTHREAD   -o CMakeFiles/cmTC_12d01.dir/src.c.o   -c /home/jbb2002/gr-hwu/build/CMakeFiles/CMakeTmp/src.c
Linking C executable cmTC_12d01
/usr/bin/cmake -E cmake_link_script CMakeFiles/cmTC_12d01.dir/link.txt --verbose=1
/usr/bin/cc  -DCMAKE_HAVE_LIBC_PTHREAD    CMakeFiles/cmTC_12d01.dir/src.c.o  -o cmTC_12d01 
/usr/bin/ld: CMakeFiles/cmTC_12d01.dir/src.c.o: in function `main':
src.c:(.text+0x46): undefined reference to `pthread_create'
/usr/bin/ld: src.c:(.text+0x52): undefined reference to `pthread_detach'
/usr/bin/ld: src.c:(.text+0x63): undefined reference to `pthread_join'
collect2: error: ld returned 1 exit status
make[1]: *** [CMakeFiles/cmTC_12d01.dir/build.make:87: cmTC_12d01] Error 1
make[1]: Leaving directory '/home/jbb2002/gr-hwu/build/CMakeFiles/CMakeTmp'
make: *** [Makefile:121: cmTC_12d01/fast] Error 2


Source file was:
#include <pthread.h>

void* test_func(void* data)
{
  return data;
}

int main(void)
{
  pthread_t thread;
  pthread_create(&thread, NULL, test_func, NULL);
  pthread_detach(thread);
  pthread_join(thread, NULL);
  pthread_atfork(NULL, NULL, NULL);
  pthread_exit(NULL);

  return 0;
}

Determining if the function pthread_create exists in the pthreads failed with the following output:
Change Dir: /home/jbb2002/gr-hwu/build/CMakeFiles/CMakeTmp

Run Build Command(s):/usr/bin/make cmTC_a17e4/fast && /usr/bin/make -f CMakeFiles/cmTC_a17e4.dir/build.make CMakeFiles/cmTC_a17e4.dir/build
make[1]: Entering directory '/home/jbb2002/gr-hwu/build/CMakeFiles/CMakeTmp'
Building C object CMakeFiles/cmTC_a17e4.dir/CheckFunctionExists.c.o
/usr/bin/cc   -DCHECK_FUNCTION_EXISTS=pthread_create   -o CMakeFiles/cmTC_a17e4.dir/CheckFunctionExists.c.o   -c /usr/share/cmake-3.16/Modules/CheckFunctionExists.c
Linking C executable cmTC_a17e4
/usr/bin/cmake -E cmake_link_script CMakeFiles/cmTC_a17e4.dir/link.txt --verbose=1
/usr/bin/cc  -DCHECK_FUNCTION_EXISTS=pthread_create    CMakeFiles/cmTC_a17e4.dir/CheckFunctionExists.c.o  -o cmTC_a17e4  -lpthreads 
/usr/bin/ld: cannot find -lpthreads
collect2: error: ld returned 1 exit status
make[1]: *** [CMakeFiles/cmTC_a17e4.dir/build.make:87: cmTC_a17e4] Error 1
make[1]: Leaving directory '/home/jbb2002/gr-hwu/build/CMakeFiles/CMakeTmp'
make: *** [Makefile:121: cmTC_a17e4/fast] Error 2



Performing C SOURCE FILE Test CMAKE_HAVE_LIBC_PTHREAD failed with the following output:
Change Dir: /home/jbb2002/gr-hwu/build/CMakeFiles/CMakeTmp

Run Build Command(s):/usr/bin/make cmTC_77b1f/fast && /usr/bin/make -f CMakeFiles/cmTC_77b1f.dir/build.make CMakeFiles/cmTC_77b1f.dir/build
make[1]: Entering directory '/home/jbb2002/gr-hwu/build/CMakeFiles/CMakeTmp'
Building C object CMakeFiles/cmTC_77b1f.dir/src.c.o
/usr/bin/cc   -DCMAKE_HAVE_LIBC_PTHREAD   -o CMakeFiles/cmTC_77b1f.dir/src.c.o   -c /home/jbb2002/gr-hwu/build/CMakeFiles/CMakeTmp/src.c
Linking C executable cmTC_77b1f
/usr/bin/cmake -E cmake_link_script CMakeFiles/cmTC_77b1f.dir/link.txt --verbose=1
/usr/bin/cc  -DCMAKE_HAVE_LIBC_PTHREAD    CMakeFiles/cmTC_77b1f.dir/src.c.o  -o cmTC_77b1f 
/usr/bin/ld: CMakeFiles/cmTC_77b1f.dir/src.c.o: in function `main':
src.c:(.text+0x46): undefined reference to `pthread_create'
/usr/bin/ld: src.c:(.text+0x52): undefined reference to `pthread_detach'
/usr/bin/ld: src.c:(.text+0x63): undefined reference to `pthread_join'
collect2: error: ld returned 1 exit status
make[1]: *** [CMakeFiles/cmTC_77b1f.dir/build.make:87: cmTC_77b1f] Error 1
make[1]: Leaving directory '/home/jbb2002/gr-hwu/build/CMakeFiles/CMakeTmp'
make: *** [Makefile:121: cmTC_77b1f/fast] Error 2


Source file was:
#include <pthread.h>

void* test_func(void* data)
{
  return data;
}

int main(void)
{
  pthread_t thread;
  pthread_create(&thread, NULL, test_func, NULL);
  pthread_detach(thread);
  pthread_join(thread, NULL);
  pthread_atfork(NULL, NULL, NULL);
  pthread_exit(NULL);

  return 0;
}

Determining if the function pthread_create exists in the pthreads failed with the following output:
Change Dir: /home/jbb2002/gr-hwu/build/CMakeFiles/CMakeTmp

Run Build Command(s):/usr/bin/make cmTC_00a97/fast && /usr/bin/make -f CMakeFiles/cmTC_00a97.dir/build.make CMakeFiles/cmTC_00a97.dir/build
make[1]: Entering directory '/home/jbb2002/gr-hwu/build/CMakeFiles/CMakeTmp'
Building C object CMakeFiles/cmTC_00a97.dir/CheckFunctionExists.c.o
/usr/bin/cc   -DCHECK_FUNCTION_EXISTS=pthread_create   -o CMakeFiles/cmTC_00a97.dir/CheckFunctionExists.c.o   -c /usr/share/cmake-3.16/Modules/CheckFunctionExists.c
Linking C executable cmTC_00a97
/usr/bin/cmake -E cmake_link_script CMakeFiles/cmTC_00a97.dir/link.txt --verbose=1
/usr/bin/cc  -DCHECK_FUNCTION_EXISTS=pthread_create    CMakeFiles/cmTC_00a97.dir/CheckFunctionExists.c.o  -o cmTC_00a97  -lpthreads 
/usr/bin/ld: cannot find -lpthreads
collect2: error: ld returned 1 exit status
make[1]: *** [CMakeFiles/cmTC_00a97.dir/build.make:87: cmTC_00a97] Error 1
make[1]: Leaving directory '/home/jbb2002/gr-hwu/build/CMakeFiles/CMakeTmp'
make: *** [Makefile:121: cmTC_00a97/fast] Error 2



Performing C SOURCE FILE Test CMAKE_HAVE_LIBC_PTHREAD failed with the following output:
Change Dir: /home/jbb2002/gr-hwu/build/CMakeFiles/CMakeTmp

Run Build Command(s):/usr/bin/make cmTC_a2373/fast && /usr/bin/make -f CMakeFiles/cmTC_a2373.dir/build.make CMakeFiles/cmTC_a2373.dir/build
make[1]: Entering directory '/home/jbb2002/gr-hwu/build/CMakeFiles/CMakeTmp'
Building C object CMakeFiles/cmTC_a2373.dir/src.c.o
/usr/bin/cc   -DCMAKE_HAVE_LIBC_PTHREAD   -o CMakeFiles/cmTC_a2373.dir/src.c.o   -c /home/jbb2002/gr-hwu/build/CMakeFiles/CMakeTmp/src.c
Linking C executable cmTC_a2373
/usr/bin/cmake -E cmake_link_script CMakeFiles/cmTC_a2373.dir/link.txt --verbose=1
/usr/bin/cc  -DCMAKE_HAVE_LIBC_PTHREAD    CMakeFiles/cmTC_a2373.dir/src.c.o  -o cmTC_a2373 
/usr/bin/ld: CMakeFiles/cmTC_a2373.dir/src.c.o: in function `main':
src.c:(.text+0x46): undefined reference to `pthread_create'
/usr/bin/ld: src.c:(.text+0x52): undefined reference to `pthread_detach'
/usr/bin/ld: src.c:(.text+0x63): undefined reference to `pthread_join'
collect2: error: ld returned 1 exit status
make[1]: *** [CMakeFiles/cmTC_a2373.dir/build.make:87: cmTC_a2373] Error 1
make[1]: Leaving directory '/home/jbb2002/gr-hwu/build/CMakeFiles/CMakeTmp'
make: *** [Makefile:121: cmTC_a2373/fast] Error 2


Source file was:
#include <pthread.h>

void* test_func(void* data)
{
  return data;
}

int main(void)
{
  pthread_t thread;
  pthread_create(&thread, NULL, test_func, NULL);
  pthread_detach(thread);
  pthread_join(thread, NULL);
  pthread_atfork(NULL, NULL, NULL);
  pthread_exit(NULL);

  return 0;
}

Determining if the function pthread_create exists in the pthreads failed with the following output:
Change Dir: /home/jbb2002/gr-hwu/build/CMakeFiles/CMakeTmp

Run Build Command(s):/usr/bin/make cmTC_ad944/fast && /usr/bin/make -f CMakeFiles/cmTC_ad944.dir/build.make CMakeFiles/cmTC_ad944.dir/build
make[1]: Entering directory '/home/jbb2002/gr-hwu/build/CMakeFiles/CMakeTmp'
Building C object CMakeFiles/cmTC_ad944.dir/CheckFunctionExists.c.o
/usr/bin/cc   -DCHECK_FUNCTION_EXISTS=pthread_create   -o CMakeFiles/cmTC_ad944.dir/CheckFunctionExists.c.o   -c /usr/share/cmake-3.16/Modules/CheckFunctionExists.c
Linking C executable cmTC_ad944
/usr/bin/cmake -E cmake_link_script CMakeFiles/cmTC_ad944.dir/link.txt --verbose=1
/usr/bin/cc  -DCHECK_FUNCTION_EXISTS=pthread_create    CMakeFiles/cmTC_ad944.dir/CheckFunctionExists.c.o  -o cmTC_ad944  -lpthreads 
/usr/bin/ld: cannot find -lpthreads
collect2: error: ld returned 1 exit status
make[1]: *** [CMakeFiles/cmTC_ad944.dir/build.make:87: cmTC_ad944] Error 1
make[1]: Leaving directory '/home/jbb2002/gr-hwu/build/CMakeFiles/CMakeTmp'
make: *** [Makefile:121: cmTC_ad944/fast] Error 2



Performing C SOURCE FILE Test CMAKE_HAVE_LIBC_PTHREAD failed with the following output:
Change Dir: /home/jbb2002/gr-hwu/build/CMakeFiles/CMakeTmp

Run Build Command(s):/usr/bin/make cmTC_0bc1a/fast && /usr/bin/make -f CMakeFiles/cmTC_0bc1a.dir/build.make CMakeFiles/cmTC_0bc1a.dir/build
make[1]: Entering directory '/home/jbb2002/gr-hwu/build/CMakeFiles/CMakeTmp'
Building C object CMakeFiles/cmTC_0bc1a.dir/src.c.o
/usr/bin/cc   -DCMAKE_HAVE_LIBC_PTHREAD   -o CMakeFiles/cmTC_0bc1a.dir/src.c.o   -c /home/jbb2002/gr-hwu/build/CMakeFiles/CMakeTmp/src.c
Linking C executable cmTC_0bc1a
/usr/bin/cmake -E cmake_link_script CMakeFiles/cmTC_0bc1a.dir/link.txt --verbose=1
/usr/bin/cc  -DCMAKE_HAVE_LIBC_PTHREAD    CMakeFiles/cmTC_0bc1a.dir/src.c.o  -o cmTC_0bc1a 
/usr/bin/ld: CMakeFiles/cmTC_0bc1a.dir/src.c.o: in function `main':
src.c:(.text+0x46): undefined reference to `pthread_create'
/usr/bin/ld: src.c:(.text+0x52): undefined reference to `pthread_detach'
/usr/bin/ld: src.c:(.text+0x63): undefined reference to `pthread_join'
collect2: error: ld returned 1 exit status
make[1]: *** [CMakeFiles/cmTC_0bc1a.dir/build.make:87: cmTC_0bc1a] Error 1
make[1]: Leaving directory '/home/jbb2002/gr-hwu/build/CMakeFiles/CMakeTmp'
make: *** [Makefile:121: cmTC_0bc1a/fast] Error 2


Source file was:
#include <pthread.h>

void* test_func(void* data)
{
  return data;
}

int main(void)
{
  pthread_t thread;
  pthread_create(&thread, NULL, test_func, NULL);
  pthread_detach(thread);
  pthread_join(thread, NULL);
  pthread_atfork(NULL, NULL, NULL);
  pthread_exit(NULL);

  return 0;
}

Determining if the function pthread_create exists in the pthreads failed with the following output:
Change Dir: /home/jbb2002/gr-hwu/build/CMakeFiles/CMakeTmp

Run Build Command(s):/usr/bin/make cmTC_ec57a/fast && /usr/bin/make -f CMakeFiles/cmTC_ec57a.dir/build.make CMakeFiles/cmTC_ec57a.dir/build
make[1]: Entering directory '/home/jbb2002/gr-hwu/build/CMakeFiles/CMakeTmp'
Building C object CMakeFiles/cmTC_ec57a.dir/CheckFunctionExists.c.o
/usr/bin/cc   -DCHECK_FUNCTION_EXISTS=pthread_create   -o CMakeFiles/cmTC_ec57a.dir/CheckFunctionExists.c.o   -c /usr/share/cmake-3.16/Modules/CheckFunctionExists.c
Linking C executable cmTC_ec57a
/usr/bin/cmake -E cmake_link_script CMakeFiles/cmTC_ec57a.dir/link.txt --verbose=1
/usr/bin/cc  -DCHECK_FUNCTION_EXISTS=pthread_create    CMakeFiles/cmTC_ec57a.dir/CheckFunctionExists.c.o  -o cmTC_ec57a  -lpthreads 
/usr/bin/ld: cannot find -lpthreads
collect2: error: ld returned 1 exit status
make[1]: *** [CMakeFiles/cmTC_ec57a.dir/build.make:87: cmTC_ec57a] Error 1
make[1]: Leaving directory '/home/jbb2002/gr-hwu/build/CMakeFiles/CMakeTmp'
make: *** [Makefile:121: cmTC_ec57a/fast] Error 2



Performing C SOURCE FILE Test CMAKE_HAVE_LIBC_PTHREAD failed with the following output:
Change Dir: /home/jbb2002/gr-hwu/build/CMakeFiles/CMakeTmp

Run Build Command(s):/usr/bin/make cmTC_50437/fast && /usr/bin/make -f CMakeFiles/cmTC_50437.dir/build.make CMakeFiles/cmTC_50437.dir/build
make[1]: Entering directory '/home/jbb2002/gr-hwu/build/CMakeFiles/CMakeTmp'
Building C object CMakeFiles/cmTC_50437.dir/src.c.o
/usr/bin/cc   -DCMAKE_HAVE_LIBC_PTHREAD   -o CMakeFiles/cmTC_50437.dir/src.c.o   -c /home/jbb2002/gr-hwu/build/CMakeFiles/CMakeTmp/src.c
Linking C executable cmTC_50437
/usr/bin/cmake -E cmake_link_script CMakeFiles/cmTC_50437.dir/link.txt --verbose=1
/usr/bin/cc  -DCMAKE_HAVE_LIBC_PTHREAD    CMakeFiles/cmTC_50437.dir/src.c.o  -o cmTC_50437 
/usr/bin/ld: CMakeFiles/cmTC_50437.dir/src.c.o: in function `main':
src.c:(.text+0x46): undefined reference to `pthread_create'
/usr/bin/ld: src.c:(.text+0x52): undefined reference to `pthread_detach'
/usr/bin/ld: src.c:(.text+0x63): undefined reference to `pthread_join'
collect2: error: ld returned 1 exit status
make[1]: *** [CMakeFiles/cmTC_50437.dir/build.make:87: cmTC_50437] Error 1
make[1]: Leaving directory '/home/jbb2002/gr-hwu/build/CMakeFiles/CMakeTmp'
make: *** [Makefile:121: cmTC_50437/fast] Error 2


Source file was:
#include <pthread.h>

void* test_func(void* data)
{
  return data;
}

int main(void)
{
  pthread_t thread;
  pthread_create(&thread, NULL, test_func, NULL);
  pthread_detach(thread);
  pthread_join(thread, NULL);
  pthread_atfork(NULL, NULL, NULL);
  pthread_exit(NULL);

  return 0;
}

Determining if the function pthread_create exists in the pthreads failed with the following output:
Change Dir: /home/jbb2002/gr-hwu/build/CMakeFiles/CMakeTmp

Run Build Command(s):/usr/bin/make cmTC_0b5d3/fast && /usr/bin/make -f CMakeFiles/cmTC_0b5d3.dir/build.make CMakeFiles/cmTC_0b5d3.dir/build
make[1]: Entering directory '/home/jbb2002/gr-hwu/build/CMakeFiles/CMakeTmp'
Building C object CMakeFiles/cmTC_0b5d3.dir/CheckFunctionExists.c.o
/usr/bin/cc   -DCHECK_FUNCTION_EXISTS=pthread_create   -o CMakeFiles/cmTC_0b5d3.dir/CheckFunctionExists.c.o   -c /usr/share/cmake-3.16/Modules/CheckFunctionExists.c
Linking C executable cmTC_0b5d3
/usr/bin/cmake -E cmake_link_script CMakeFiles/cmTC_0b5d3.dir/link.txt --verbose=1
/usr/bin/cc  -DCHECK_FUNCTION_EXISTS=pthread_create    CMakeFiles/cmTC_0b5d3.dir/CheckFunctionExists.c.o  -o cmTC_0b5d3  -lpthreads 
/usr/bin/ld: cannot find -lpthreads
collect2: error: ld returned 1 exit status
make[1]: *** [CMakeFiles/cmTC_0b5d3.dir/build.make:87: cmTC_0b5d3] Error 1
make[1]: Leaving directory '/home/jbb2002/gr-hwu/build/CMakeFiles/CMakeTmp'
make: *** [Makefile:121: cmTC_0b5d3/fast] Error 2



Performing C SOURCE FILE Test CMAKE_HAVE_LIBC_PTHREAD failed with the following output:
Change Dir: /home/jbb2002/gr-hwu/build/CMakeFiles/CMakeTmp

Run Build Command(s):/usr/bin/make cmTC_25771/fast && /usr/bin/make -f CMakeFiles/cmTC_25771.dir/build.make CMakeFiles/cmTC_25771.dir/build
make[1]: Entering directory '/home/jbb2002/gr-hwu/build/CMakeFiles/CMakeTmp'
Building C object CMakeFiles/cmTC_25771.dir/src.c.o
/usr/bin/cc   -DCMAKE_HAVE_LIBC_PTHREAD   -o CMakeFiles/cmTC_25771.dir/src.c.o   -c /home/jbb2002/gr-hwu/build/CMakeFiles/CMakeTmp/src.c
Linking C executable cmTC_25771
/usr/bin/cmake -E cmake_link_script CMakeFiles/cmTC_25771.dir/link.txt --verbose=1
/usr/bin/cc  -DCMAKE_HAVE_LIBC_PTHREAD    CMakeFiles/cmTC_25771.dir/src.c.o  -o cmTC_25771 
/usr/bin/ld: CMakeFiles/cmTC_25771.dir/src.c.o: in function `main':
src.c:(.text+0x46): undefined reference to `pthread_create'
/usr/bin/ld: src.c:(.text+0x52): undefined reference to `pthread_detach'
/usr/bin/ld: src.c:(.text+0x63): undefined reference to `pthread_join'
collect2: error: ld returned 1 exit status
make[1]: *** [CMakeFiles/cmTC_25771.dir/build.make:87: cmTC_25771] Error 1
make[1]: Leaving directory '/home/jbb2002/gr-hwu/build/CMakeFiles/CMakeTmp'
make: *** [Makefile:121: cmTC_25771/fast] Error 2


Source file was:
#include <pthread.h>

void* test_func(void* data)
{
  return data;
}

int main(void)
{
  pthread_t thread;
  pthread_create(&thread, NULL, test_func, NULL);
  pthread_detach(thread);
  pthread_join(thread, NULL);
  pthread_atfork(NULL, NULL, NULL);
  pthread_exit(NULL);

  return 0;
}

Determining if the function pthread_create exists in the pthreads failed with the following output:
Change Dir: /home/jbb2002/gr-hwu/build/CMakeFiles/CMakeTmp

Run Build Command(s):/usr/bin/make cmTC_59502/fast && /usr/bin/make -f CMakeFiles/cmTC_59502.dir/build.make CMakeFiles/cmTC_59502.dir/build
make[1]: Entering directory '/home/jbb2002/gr-hwu/build/CMakeFiles/CMakeTmp'
Building C object CMakeFiles/cmTC_59502.dir/CheckFunctionExists.c.o
/usr/bin/cc   -DCHECK_FUNCTION_EXISTS=pthread_create   -o CMakeFiles/cmTC_59502.dir/CheckFunctionExists.c.o   -c /usr/share/cmake-3.16/Modules/CheckFunctionExists.c
Linking C executable cmTC_59502
/usr/bin/cmake -E cmake_link_script CMakeFiles/cmTC_59502.dir/link.txt --verbose=1
/usr/bin/cc  -DCHECK_FUNCTION_EXISTS=pthread_create    CMakeFiles/cmTC_59502.dir/CheckFunctionExists.c.o  -o cmTC_59502  -lpthreads 
/usr/bin/ld: cannot find -lpthreads
collect2: error: ld returned 1 exit status
make[1]: *** [CMakeFiles/cmTC_59502.dir/build.make:87: cmTC_59502] Error 1
make[1]: Leaving directory '/home/jbb2002/gr-hwu/build/CMakeFiles/CMakeTmp'
make: *** [Makefile:121: cmTC_59502/fast] Error 2



